Oct 28, 2019 4:13:07 PM org.eclipse.birt.chart.device.swt.SwtDisplayServer <init>
信息: SWT Display Server: cocoa v4,880
Oct 28, 2019 4:13:07 PM org.eclipse.birt.chart.device.swt.R31Enhance <clinit>
信息: Advanced SWT graphics functions enabled.
Oct 28, 2019 4:13:07 PM org.eclipse.birt.chart.device.swt.SwtRendererImpl setProperty
信息: Using graphics context org.eclipse.swt.graphics.GC@GC {org.eclipse.swt.internal.cocoa.NSGraphicsContext{140676934990848}}
Oct 28, 2019 4:13:07 PM org.eclipse.birt.chart.script.AbstractScriptHandler register
信息: Trying to load Chart Java event handler class...
Oct 28, 2019 4:13:07 PM org.eclipse.birt.chart.script.AbstractScriptHandler register
信息: A Chart Java event handler class [class org.eclipse.mat.impl.chart.StorageUnitRenderScript] has been loaded successfully.
Oct 28, 2019 4:13:08 PM org.eclipse.birt.chart.render.EmptyWithoutAxes renderSeries
信息: org.eclipse.birt.chart.render.EmptyWithoutAxes: renderSeries() [1/2]
Oct 28, 2019 4:13:08 PM org.eclipse.birt.chart.extension.render.Pie renderSeries
信息: {0}: renderSeries() [{1}/{2}]org.eclipse.birt.chart.extension.render.Pie22
Oct 28, 2019 4:13:25 PM org.eclipse.birt.chart.device.swing.SwingDisplayServer <init>
信息: SWING Display Server: Oracle Corporation v1.8.0_181
Oct 28, 2019 4:13:25 PM org.eclipse.birt.chart.script.AbstractScriptHandler register
信息: Trying to load Chart Java event handler class...
Oct 28, 2019 4:13:25 PM org.eclipse.birt.chart.script.AbstractScriptHandler register
信息: A Chart Java event handler class [class org.eclipse.mat.impl.chart.LabelRenderScript] has been loaded successfully.
Oct 28, 2019 4:13:26 PM org.eclipse.birt.chart.device.swing.SwingRendererImpl prepareGraphicsContext
信息: Using graphics context sun.java2d.SunGraphics2D[font=java.awt.Font[family=Dialog,name=Dialog,style=plain,size=12],color=java.awt.Color[r=255,g=255,b=255]]
Oct 28, 2019 4:13:26 PM org.eclipse.birt.chart.render.EmptyWithoutAxes renderSeries
信息: org.eclipse.birt.chart.render.EmptyWithoutAxes: renderSeries() [1/2]
Oct 28, 2019 4:13:26 PM org.eclipse.birt.chart.extension.render.Pie renderSeries
信息: {0}: renderSeries() [{1}/{2}]org.eclipse.birt.chart.extension.render.Pie22
Oct 28, 2019 4:13:26 PM org.eclipse.birt.chart.device.image.JavaxImageIOWriter after
信息: Using {0} image writer {1}pngcom.sun.imageio.plugins.png.PNGImageWriter
Oct 28, 2019 4:13:26 PM org.eclipse.birt.chart.device.swing.SwingDisplayServer <init>
信息: SWING Display Server: Oracle Corporation v1.8.0_181
Oct 28, 2019 4:13:26 PM org.eclipse.birt.chart.script.AbstractScriptHandler register
信息: Trying to load Chart Java event handler class...
Oct 28, 2019 4:13:26 PM org.eclipse.birt.chart.script.AbstractScriptHandler register
信息: A Chart Java event handler class [class org.eclipse.mat.impl.chart.LabelRenderScript] has been loaded successfully.
Oct 28, 2019 4:13:26 PM org.eclipse.birt.chart.device.swing.SwingRendererImpl prepareGraphicsContext
信息: Using graphics context sun.java2d.SunGraphics2D[font=java.awt.Font[family=Dialog,name=Dialog,style=plain,size=12],color=java.awt.Color[r=255,g=255,b=255]]
Oct 28, 2019 4:13:26 PM org.eclipse.birt.chart.render.EmptyWithoutAxes renderSeries
信息: org.eclipse.birt.chart.render.EmptyWithoutAxes: renderSeries() [1/2]
Oct 28, 2019 4:13:26 PM org.eclipse.birt.chart.extension.render.Pie renderSeries
信息: {0}: renderSeries() [{1}/{2}]org.eclipse.birt.chart.extension.render.Pie22
Oct 28, 2019 4:13:26 PM org.eclipse.birt.chart.device.image.JavaxImageIOWriter after
信息: Using {0} image writer {1}pngcom.sun.imageio.plugins.png.PNGImageWriter
Oct 28, 2019 4:13:26 PM org.eclipse.birt.chart.device.swing.SwingDisplayServer <init>
信息: SWING Display Server: Oracle Corporation v1.8.0_181
Oct 28, 2019 4:13:26 PM org.eclipse.birt.chart.script.AbstractScriptHandler register
信息: Trying to load Chart Java event handler class...
Oct 28, 2019 4:13:26 PM org.eclipse.birt.chart.script.AbstractScriptHandler register
信息: A Chart Java event handler class [class org.eclipse.mat.impl.chart.LabelRenderScript] has been loaded successfully.
Oct 28, 2019 4:13:26 PM org.eclipse.birt.chart.device.swing.SwingRendererImpl prepareGraphicsContext
信息: Using graphics context sun.java2d.SunGraphics2D[font=java.awt.Font[family=Dialog,name=Dialog,style=plain,size=12],color=java.awt.Color[r=255,g=255,b=255]]
Oct 28, 2019 4:13:26 PM org.eclipse.birt.chart.render.EmptyWithoutAxes renderSeries
信息: org.eclipse.birt.chart.render.EmptyWithoutAxes: renderSeries() [1/2]
Oct 28, 2019 4:13:26 PM org.eclipse.birt.chart.extension.render.Pie renderSeries
信息: {0}: renderSeries() [{1}/{2}]org.eclipse.birt.chart.extension.render.Pie22
Oct 28, 2019 4:13:26 PM org.eclipse.birt.chart.device.image.JavaxImageIOWriter after
信息: Using {0} image writer {1}pngcom.sun.imageio.plugins.png.PNGImageWriter
Oct 28, 2019 4:13:26 PM org.eclipse.birt.chart.device.swt.SwtRendererImpl setProperty
信息: Using graphics context org.eclipse.swt.graphics.GC@GC {org.eclipse.swt.internal.cocoa.NSGraphicsContext{140677017965584}}
Oct 28, 2019 4:13:26 PM org.eclipse.birt.chart.script.AbstractScriptHandler register
信息: Trying to load Chart Java event handler class...
Oct 28, 2019 4:13:26 PM org.eclipse.birt.chart.script.AbstractScriptHandler register
信息: A Chart Java event handler class [class org.eclipse.mat.impl.chart.StorageUnitRenderScript] has been loaded successfully.
Oct 28, 2019 4:13:26 PM org.eclipse.birt.chart.render.EmptyWithoutAxes renderSeries
信息: org.eclipse.birt.chart.render.EmptyWithoutAxes: renderSeries() [1/2]
Oct 28, 2019 4:13:26 PM org.eclipse.birt.chart.extension.render.Pie renderSeries
信息: {0}: renderSeries() [{1}/{2}]org.eclipse.birt.chart.extension.render.Pie22
Oct 28, 2019 4:13:26 PM org.eclipse.birt.chart.device.swing.SwingDisplayServer <init>
信息: SWING Display Server: Oracle Corporation v1.8.0_181
Oct 28, 2019 4:13:26 PM org.eclipse.birt.chart.script.AbstractScriptHandler register
信息: Trying to load Chart Java event handler class...
Oct 28, 2019 4:13:26 PM org.eclipse.birt.chart.script.AbstractScriptHandler register
信息: A Chart Java event handler class [class org.eclipse.mat.impl.chart.LabelRenderScript] has been loaded successfully.
Oct 28, 2019 4:13:26 PM org.eclipse.birt.chart.device.swing.SwingRendererImpl prepareGraphicsContext
信息: Using graphics context sun.java2d.SunGraphics2D[font=java.awt.Font[family=Dialog,name=Dialog,style=plain,size=12],color=java.awt.Color[r=255,g=255,b=255]]
Oct 28, 2019 4:13:26 PM org.eclipse.birt.chart.render.EmptyWithoutAxes renderSeries
信息: org.eclipse.birt.chart.render.EmptyWithoutAxes: renderSeries() [1/2]
Oct 28, 2019 4:13:26 PM org.eclipse.birt.chart.extension.render.Pie renderSeries
信息: {0}: renderSeries() [{1}/{2}]org.eclipse.birt.chart.extension.render.Pie22
Oct 28, 2019 4:13:26 PM org.eclipse.birt.chart.device.image.JavaxImageIOWriter after
信息: Using {0} image writer {1}pngcom.sun.imageio.plugins.png.PNGImageWriter
Oct 30, 2019 5:16:42 PM org.eclipse.birt.chart.device.swt.SwtRendererImpl setProperty
信息: Using graphics context org.eclipse.swt.graphics.GC@GC {org.eclipse.swt.internal.cocoa.NSGraphicsContext{140676979588176}}
Oct 30, 2019 5:16:42 PM org.eclipse.birt.chart.script.AbstractScriptHandler register
信息: Trying to load Chart Java event handler class...
Oct 30, 2019 5:16:42 PM org.eclipse.birt.chart.script.AbstractScriptHandler register
信息: A Chart Java event handler class [class org.eclipse.mat.impl.chart.StorageUnitRenderScript] has been loaded successfully.
Oct 30, 2019 5:16:42 PM org.eclipse.birt.chart.render.EmptyWithoutAxes renderSeries
信息: org.eclipse.birt.chart.render.EmptyWithoutAxes: renderSeries() [1/2]
Oct 30, 2019 5:16:42 PM org.eclipse.birt.chart.extension.render.Pie renderSeries
信息: {0}: renderSeries() [{1}/{2}]org.eclipse.birt.chart.extension.render.Pie22
Oct 30, 2019 5:17:01 PM org.eclipse.birt.chart.device.swt.SwtDisplayServer <init>
信息: SWT Display Server: cocoa v4,880
Oct 30, 2019 5:17:01 PM org.eclipse.birt.chart.device.swt.SwtRendererImpl setProperty
信息: Using graphics context org.eclipse.swt.graphics.GC@GC {org.eclipse.swt.internal.cocoa.NSGraphicsContext{140677037119440}}
Oct 30, 2019 5:17:01 PM org.eclipse.birt.chart.script.AbstractScriptHandler register
信息: Trying to load Chart Java event handler class...
Oct 30, 2019 5:17:01 PM org.eclipse.birt.chart.script.AbstractScriptHandler register
信息: A Chart Java event handler class [class org.eclipse.mat.impl.chart.StorageUnitRenderScript] has been loaded successfully.
Oct 30, 2019 5:17:01 PM org.eclipse.birt.chart.render.EmptyWithoutAxes renderSeries
信息: org.eclipse.birt.chart.render.EmptyWithoutAxes: renderSeries() [1/2]
Oct 30, 2019 5:17:01 PM org.eclipse.birt.chart.extension.render.Pie renderSeries
信息: {0}: renderSeries() [{1}/{2}]org.eclipse.birt.chart.extension.render.Pie22
Oct 30, 2019 5:17:14 PM org.eclipse.birt.chart.device.swing.SwingDisplayServer <init>
信息: SWING Display Server: Oracle Corporation v1.8.0_181
Oct 30, 2019 5:17:14 PM org.eclipse.birt.chart.script.AbstractScriptHandler register
信息: Trying to load Chart Java event handler class...
Oct 30, 2019 5:17:14 PM org.eclipse.birt.chart.script.AbstractScriptHandler register
信息: A Chart Java event handler class [class org.eclipse.mat.impl.chart.LabelRenderScript] has been loaded successfully.
Oct 30, 2019 5:17:14 PM org.eclipse.birt.chart.device.swing.SwingRendererImpl prepareGraphicsContext
信息: Using graphics context sun.java2d.SunGraphics2D[font=java.awt.Font[family=Dialog,name=Dialog,style=plain,size=12],color=java.awt.Color[r=255,g=255,b=255]]
Oct 30, 2019 5:17:14 PM org.eclipse.birt.chart.render.EmptyWithoutAxes renderSeries
信息: org.eclipse.birt.chart.render.EmptyWithoutAxes: renderSeries() [1/2]
Oct 30, 2019 5:17:14 PM org.eclipse.birt.chart.extension.render.Pie renderSeries
信息: {0}: renderSeries() [{1}/{2}]org.eclipse.birt.chart.extension.render.Pie22
Oct 30, 2019 5:17:14 PM org.eclipse.birt.chart.device.image.JavaxImageIOWriter after
信息: Using {0} image writer {1}pngcom.sun.imageio.plugins.png.PNGImageWriter
Oct 30, 2019 5:17:14 PM org.eclipse.birt.chart.device.swing.SwingDisplayServer <init>
信息: SWING Display Server: Oracle Corporation v1.8.0_181
Oct 30, 2019 5:17:14 PM org.eclipse.birt.chart.script.AbstractScriptHandler register
信息: Trying to load Chart Java event handler class...
Oct 30, 2019 5:17:14 PM org.eclipse.birt.chart.script.AbstractScriptHandler register
信息: A Chart Java event handler class [class org.eclipse.mat.impl.chart.LabelRenderScript] has been loaded successfully.
Oct 30, 2019 5:17:14 PM org.eclipse.birt.chart.device.swing.SwingRendererImpl prepareGraphicsContext
信息: Using graphics context sun.java2d.SunGraphics2D[font=java.awt.Font[family=Dialog,name=Dialog,style=plain,size=12],color=java.awt.Color[r=255,g=255,b=255]]
Oct 30, 2019 5:17:14 PM org.eclipse.birt.chart.render.EmptyWithoutAxes renderSeries
信息: org.eclipse.birt.chart.render.EmptyWithoutAxes: renderSeries() [1/2]
Oct 30, 2019 5:17:14 PM org.eclipse.birt.chart.extension.render.Pie renderSeries
信息: {0}: renderSeries() [{1}/{2}]org.eclipse.birt.chart.extension.render.Pie22
Oct 30, 2019 5:17:14 PM org.eclipse.birt.chart.device.image.JavaxImageIOWriter after
信息: Using {0} image writer {1}pngcom.sun.imageio.plugins.png.PNGImageWriter
Oct 30, 2019 5:17:14 PM org.eclipse.birt.chart.device.swing.SwingDisplayServer <init>
信息: SWING Display Server: Oracle Corporation v1.8.0_181
Oct 30, 2019 5:17:14 PM org.eclipse.birt.chart.script.AbstractScriptHandler register
信息: Trying to load Chart Java event handler class...
Oct 30, 2019 5:17:14 PM org.eclipse.birt.chart.script.AbstractScriptHandler register
信息: A Chart Java event handler class [class org.eclipse.mat.impl.chart.LabelRenderScript] has been loaded successfully.
Oct 30, 2019 5:17:14 PM org.eclipse.birt.chart.device.swing.SwingRendererImpl prepareGraphicsContext
信息: Using graphics context sun.java2d.SunGraphics2D[font=java.awt.Font[family=Dialog,name=Dialog,style=plain,size=12],color=java.awt.Color[r=255,g=255,b=255]]
Oct 30, 2019 5:17:14 PM org.eclipse.birt.chart.render.EmptyWithoutAxes renderSeries
信息: org.eclipse.birt.chart.render.EmptyWithoutAxes: renderSeries() [1/2]
Oct 30, 2019 5:17:14 PM org.eclipse.birt.chart.extension.render.Pie renderSeries
信息: {0}: renderSeries() [{1}/{2}]org.eclipse.birt.chart.extension.render.Pie22
Oct 30, 2019 5:17:14 PM org.eclipse.birt.chart.device.image.JavaxImageIOWriter after
信息: Using {0} image writer {1}pngcom.sun.imageio.plugins.png.PNGImageWriter
Oct 30, 2019 5:17:14 PM org.eclipse.birt.chart.device.swing.SwingDisplayServer <init>
信息: SWING Display Server: Oracle Corporation v1.8.0_181
Oct 30, 2019 5:17:14 PM org.eclipse.birt.chart.script.AbstractScriptHandler register
信息: Trying to load Chart Java event handler class...
Oct 30, 2019 5:17:14 PM org.eclipse.birt.chart.script.AbstractScriptHandler register
信息: A Chart Java event handler class [class org.eclipse.mat.impl.chart.LabelRenderScript] has been loaded successfully.
Oct 30, 2019 5:17:14 PM org.eclipse.birt.chart.device.swing.SwingRendererImpl prepareGraphicsContext
信息: Using graphics context sun.java2d.SunGraphics2D[font=java.awt.Font[family=Dialog,name=Dialog,style=plain,size=12],color=java.awt.Color[r=255,g=255,b=255]]
Oct 30, 2019 5:17:14 PM org.eclipse.birt.chart.render.EmptyWithoutAxes renderSeries
信息: org.eclipse.birt.chart.render.EmptyWithoutAxes: renderSeries() [1/2]
Oct 30, 2019 5:17:14 PM org.eclipse.birt.chart.extension.render.Pie renderSeries
信息: {0}: renderSeries() [{1}/{2}]org.eclipse.birt.chart.extension.render.Pie22
Oct 30, 2019 5:17:14 PM org.eclipse.birt.chart.device.image.JavaxImageIOWriter after
信息: Using {0} image writer {1}pngcom.sun.imageio.plugins.png.PNGImageWriter
